<?xml version="1.0" encoding="UTF-8"?>
<!-- Generated by org.testng.reporters.JUnitReportReporter -->
<testsuite hostname="DESKTOP-PVGM8D1" failures="0" tests="1" name="MyTest.Test1" time="9.220" errors="0" timestamp="2023-03-23T19:57:57 CET" skipped="0">
  <testcase classname="MyTest.Test1" name="setup" time="9.220"/>
  <system-out/>
</testsuite> <!-- MyTest.Test1 -->
